<?xml version="1.0" encoding="UTF-8"?>
<testsuite xmlns:xsi="http://www.w3.org/2001/XMLSchema-instance" xsi:noNamespaceSchemaLocation="https://maven.apache.org/surefire/maven-surefire-plugin/xsd/surefire-test-report-3.0.xsd" version="3.0" name="service.BritishSpokenTimeServiceTest" time="0.175" tests="10" errors="0" skipped="0" failures="0">
  <properties>
    <property name="java.specification.version" value="17"/>
    <property name="sun.cpu.isalist" value="amd64"/>
    <property name="sun.jnu.encoding" value="Cp1252"/>
    <property name="java.class.path" value="C:\Users\Rajesh.B\Downloads\smart-bear-coding-challenge\smart-bear-coding-challenge\BritishSpokenTime\target\test-classes;C:\Users\Rajesh.B\Downloads\smart-bear-coding-challenge\smart-bear-coding-challenge\BritishSpokenTime\target\classes;C:\Users\Rajesh.B\.m2\repository\junit\junit\4.13.2\junit-4.13.2.jar;C:\Users\Rajesh.B\.m2\repository\org\hamcrest\hamcrest-core\1.3\hamcrest-core-1.3.jar;C:\Users\Rajesh.B\.m2\repository\org\junit\jupiter\junit-jupiter\6.0.0-RC2\junit-jupiter-6.0.0-RC2.jar;C:\Users\Rajesh.B\.m2\repository\org\junit\jupiter\junit-jupiter-api\6.0.0-RC2\junit-jupiter-api-6.0.0-RC2.jar;C:\Users\Rajesh.B\.m2\repository\org\opentest4j\opentest4j\1.3.0\opentest4j-1.3.0.jar;C:\Users\Rajesh.B\.m2\repository\org\junit\platform\junit-platform-commons\6.0.0-RC2\junit-platform-commons-6.0.0-RC2.jar;C:\Users\Rajesh.B\.m2\repository\org\apiguardian\apiguardian-api\1.1.2\apiguardian-api-1.1.2.jar;C:\Users\Rajesh.B\.m2\repository\org\jspecify\jspecify\1.0.0\jspecify-1.0.0.jar;C:\Users\Rajesh.B\.m2\repository\org\junit\jupiter\junit-jupiter-params\6.0.0-RC2\junit-jupiter-params-6.0.0-RC2.jar;C:\Users\Rajesh.B\.m2\repository\org\junit\jupiter\junit-jupiter-engine\6.0.0-RC2\junit-jupiter-engine-6.0.0-RC2.jar;C:\Users\Rajesh.B\.m2\repository\org\junit\platform\junit-platform-engine\6.0.0-RC2\junit-platform-engine-6.0.0-RC2.jar;"/>
    <property name="java.vm.vendor" value="ojdkbuild"/>
    <property name="sun.arch.data.model" value="64"/>
    <property name="user.variant" value=""/>
    <property name="java.vendor.url" value="https://github.com/ojdkbuild"/>
    <property name="user.timezone" value="Asia/Calcutta"/>
    <property name="os.name" value="Windows 11"/>
    <property name="java.vm.specification.version" value="17"/>
    <property name="sun.java.launcher" value="SUN_STANDARD"/>
    <property name="user.country" value="IN"/>
    <property name="sun.boot.library.path" value="c:\Program Files\ojdkbuild\java-17-openjdk-17.0.3.0.6-1\bin"/>
    <property name="sun.java.command" value="C:\Users\Rajesh.B\AppData\Local\Temp\surefire11273435798302234952\surefirebooter-20250908112934092_3.jar C:\Users\Rajesh.B\AppData\Local\Temp\surefire11273435798302234952 2025-09-08T11-29-33_724-jvmRun1 surefire-20250908112934092_1tmp surefire_0-20250908112934092_2tmp"/>
    <property name="jdk.debug" value="release"/>
    <property name="surefire.test.class.path" value="C:\Users\Rajesh.B\Downloads\smart-bear-coding-challenge\smart-bear-coding-challenge\BritishSpokenTime\target\test-classes;C:\Users\Rajesh.B\Downloads\smart-bear-coding-challenge\smart-bear-coding-challenge\BritishSpokenTime\target\classes;C:\Users\Rajesh.B\.m2\repository\junit\junit\4.13.2\junit-4.13.2.jar;C:\Users\Rajesh.B\.m2\repository\org\hamcrest\hamcrest-core\1.3\hamcrest-core-1.3.jar;C:\Users\Rajesh.B\.m2\repository\org\junit\jupiter\junit-jupiter\6.0.0-RC2\junit-jupiter-6.0.0-RC2.jar;C:\Users\Rajesh.B\.m2\repository\org\junit\jupiter\junit-jupiter-api\6.0.0-RC2\junit-jupiter-api-6.0.0-RC2.jar;C:\Users\Rajesh.B\.m2\repository\org\opentest4j\opentest4j\1.3.0\opentest4j-1.3.0.jar;C:\Users\Rajesh.B\.m2\repository\org\junit\platform\junit-platform-commons\6.0.0-RC2\junit-platform-commons-6.0.0-RC2.jar;C:\Users\Rajesh.B\.m2\repository\org\apiguardian\apiguardian-api\1.1.2\apiguardian-api-1.1.2.jar;C:\Users\Rajesh.B\.m2\repository\org\jspecify\jspecify\1.0.0\jspecify-1.0.0.jar;C:\Users\Rajesh.B\.m2\repository\org\junit\jupiter\junit-jupiter-params\6.0.0-RC2\junit-jupiter-params-6.0.0-RC2.jar;C:\Users\Rajesh.B\.m2\repository\org\junit\jupiter\junit-jupiter-engine\6.0.0-RC2\junit-jupiter-engine-6.0.0-RC2.jar;C:\Users\Rajesh.B\.m2\repository\org\junit\platform\junit-platform-engine\6.0.0-RC2\junit-platform-engine-6.0.0-RC2.jar;"/>
    <property name="sun.cpu.endian" value="little"/>
    <property name="user.home" value="C:\Users\Rajesh.B"/>
    <property name="user.language" value="en"/>
    <property name="java.specification.vendor" value="Oracle Corporation"/>
    <property name="java.version.date" value="2022-04-19"/>
    <property name="java.home" value="c:\Program Files\ojdkbuild\java-17-openjdk-17.0.3.0.6-1"/>
    <property name="file.separator" value="\"/>
    <property name="basedir" value="C:\Users\Rajesh.B\Downloads\smart-bear-coding-challenge\smart-bear-coding-challenge\BritishSpokenTime"/>
    <property name="java.vm.compressedOopsMode" value="Zero based"/>
    <property name="line.separator" value="&#10;"/>
    <property name="java.vm.specification.vendor" value="Oracle Corporation"/>
    <property name="java.specification.name" value="Java Platform API Specification"/>
    <property name="surefire.real.class.path" value="C:\Users\Rajesh.B\AppData\Local\Temp\surefire11273435798302234952\surefirebooter-20250908112934092_3.jar"/>
    <property name="user.script" value=""/>
    <property name="sun.management.compiler" value="HotSpot 64-Bit Tiered Compilers"/>
    <property name="java.runtime.version" value="17.0.3+6-LTS"/>
    <property name="user.name" value="Rajesh.B"/>
    <property name="path.separator" value=";"/>
    <property name="os.version" value="10.0"/>
    <property name="java.runtime.name" value="OpenJDK Runtime Environment"/>
    <property name="file.encoding" value="Cp1252"/>
    <property name="java.vm.name" value="OpenJDK 64-Bit Server VM"/>
    <property name="java.vendor.version" value="21.9"/>
    <property name="localRepository" value="C:\Users\Rajesh.B\.m2\repository"/>
    <property name="java.vendor.url.bug" value="https://github.com/ojdkbuild/ojdkbuild/issues"/>
    <property name="java.io.tmpdir" value="C:\Users\Rajesh.B\AppData\Local\Temp\"/>
    <property name="idea.version" value="2023.3.4"/>
    <property name="java.version" value="17.0.3"/>
    <property name="user.dir" value="C:\Users\Rajesh.B\Downloads\smart-bear-coding-challenge\smart-bear-coding-challenge\BritishSpokenTime"/>
    <property name="os.arch" value="amd64"/>
    <property name="java.vm.specification.name" value="Java Virtual Machine Specification"/>
    <property name="sun.os.patch.level" value=""/>
    <property name="native.encoding" value="Cp1252"/>
    <property name="java.library.path" value="c:\Program Files\ojdkbuild\java-17-openjdk-17.0.3.0.6-1\bin;C:\Windows\Sun\Java\bin;C:\Windows\system32;C:\Windows;c:\Python312\Scripts\;c:\Python312\;C:\Windows\system32;C:\Windows;C:\Windows\System32\Wbem;C:\Windows\System32\WindowsPowerShell\v1.0\;C:\Windows\System32\OpenSSH\;c:\Program Files\ojdkbuild\java-1.8.0-openjdk-1.8.0.332-1\missioncontrol\;c:\Program Files\ojdkbuild\java-1.8.0-openjdk-1.8.0.332-1\webstart\;c:\Program Files\ojdkbuild\java-1.8.0-openjdk-1.8.0.332-1\bin;c:\Program Files\ojdkbuild\java-1.8.0-openjdk-1.8.0.332-1\jre\bin;c:\Program Files\ojdkbuild\java-11-openjdk-11.0.15-1\missioncontrol\;c:\Program Files\ojdkbuild\java-11-openjdk-11.0.15-1\bin;c:\Program Files\ojdkbuild\java-17-openjdk-17.0.3.0.6-1\bin;c:\Program Files\ojdkbuild\java-17-openjdk-17.0.3.0.6-1\missioncontrol\;C:\Program Files\Microsoft VS Code\bin;c:\Program Files\nodejs\;C:\ProgramData\chocolatey\bin;C:\Users\Rajesh.B\Downloads\apache-maven-3.9.6-bin\apache-maven-3.9.6\bin;C:\Program Files\dotnet\;C:\Users\Rajesh.B\AppData\Local\Microsoft\WindowsApps;C:\Users\Rajesh.B\AppData\Roaming\npm;C:\Users\Rajesh.B\AppData\Local\Programs\Microsoft VS Code\bin;."/>
    <property name="java.vm.info" value="mixed mode, sharing"/>
    <property name="java.vendor" value="ojdkbuild"/>
    <property name="java.vm.version" value="17.0.3+6-LTS"/>
    <property name="sun.io.unicode.encoding" value="UnicodeLittle"/>
    <property name="java.class.version" value="61.0"/>
  </properties>
  <testcase name="testTwentyFiveTo" classname="service.BritishSpokenTimeServiceTest" time="0.088"/>
  <testcase name="testInvalidHour" classname="service.BritishSpokenTimeServiceTest" time="0.009"/>
  <testcase name="testNoon" classname="service.BritishSpokenTimeServiceTest" time="0.002"/>
  <testcase name="testMidnight" classname="service.BritishSpokenTimeServiceTest" time="0.002"/>
  <testcase name="testInvalidMinutes" classname="service.BritishSpokenTimeServiceTest" time="0.003"/>
  <testcase name="testQuarterTo" classname="service.BritishSpokenTimeServiceTest" time="0.001"/>
  <testcase name="testHalfPast" classname="service.BritishSpokenTimeServiceTest" time="0.001"/>
  <testcase name="testMinutesToHour" classname="service.BritishSpokenTimeServiceTest" time="0.001"/>
  <testcase name="testQuarterPast" classname="service.BritishSpokenTimeServiceTest" time="0.001"/>
  <testcase name="testOClock" classname="service.BritishSpokenTimeServiceTest" time="0.002"/>
</testsuite>